08/09/15 07:46 - INFO - Loaded property files and created logger instance
08/09/15 07:46 - INFO - Setting up FireFox driver.
08/09/15 07:46 - INFO - Executing Test Case :- verifyPipelineLogin
08/09/15 07:47 - INFO - Test case passed: verify user able to login to pipeline application
08/09/15 07:47 - INFO - Executing Test Case :- verifyInitialPopup
08/09/15 07:50 - INFO - Loaded property files and created logger instance
08/09/15 07:50 - INFO - Setting up FireFox driver.
08/09/15 07:50 - INFO - Executing Test Case :- verifyPipelineLogin
08/09/15 07:50 - INFO - Test case passed: verify user able to login to pipeline application
08/09/15 07:50 - INFO - Executing Test Case :- verifyInitialPopup
08/09/15 07:50 - INFO - Test case passed: verify help pop up displayed on Pipeline home page and working fine
08/09/15 07:52 - INFO - Loaded property files and created logger instance
08/09/15 07:52 - INFO - Setting up FireFox driver.
08/09/15 07:52 - INFO - Executing Test Case :- verifyPipelineLogin
08/09/15 07:52 - INFO - Test case passed: verify user able to login to pipeline application
08/09/15 07:52 - INFO - Executing Test Case :- verifyInitialPopup
08/09/15 07:53 - INFO - Test case passed: verify help pop up displayed on Pipeline home page and working fine
08/09/15 07:53 - INFO - Screen Shots file :  D:\Pipeline_Automation_Framework\AutomationFramework\test-output\ScreenShots\image-1441722182399.jpg
08/09/15 07:53 - INFO - Test executed on Operating System : WINDOWS 8.1
08/09/15 07:53 - INFO - Test executed on Browser : firefox 40.0.3
08/09/15 07:53 - INFO - Loaded property files and created logger instance
08/09/15 07:53 - INFO - Setting up FireFox driver.
08/09/15 07:53 - INFO - Executing Test Case :- verifyPipelineLogin
08/09/15 07:53 - INFO - Test case passed: verify user able to login to pipeline application
08/09/15 07:53 - INFO - Executing Test Case :- verifyInitialPopup
08/09/15 07:54 - INFO - Test case passed: verify help pop up displayed on Pipeline home page and working fine
08/09/15 07:54 - INFO - Test executed on Operating System : WINDOWS 8.1
08/09/15 07:54 - INFO - Test executed on Browser : firefox 40.0.3
08/09/15 07:55 - INFO - Loaded property files and created logger instance
08/09/15 07:55 - INFO - Setting up FireFox driver.
08/09/15 07:55 - INFO - Executing Test Case :- verifyPipelineLogin
08/09/15 07:55 - INFO - Test case passed: verify user able to login to pipeline application
08/09/15 07:55 - INFO - Executing Test Case :- verifyInitialPopup
08/09/15 07:55 - INFO - Test case passed: verify help pop up displayed on Pipeline home page and working fine
08/09/15 07:56 - INFO - Test executed on Operating System : WINDOWS 8.1
08/09/15 07:56 - INFO - Test executed on Browser : firefox 40.0.3
08/09/15 07:58 - INFO - Loaded property files and created logger instance
08/09/15 07:58 - INFO - Setting up FireFox driver.
08/09/15 07:58 - INFO - Executing Test Case :- verifyPipelineLogin
08/09/15 07:58 - INFO - Test case passed: verify user able to login to pipeline application
08/09/15 07:58 - INFO - Executing Test Case :- verifyInitialPopup
08/09/15 07:58 - INFO - Test case passed: verify help pop up displayed on Pipeline home page and working fine
08/09/15 07:58 - INFO - Test executed on Operating System : WINDOWS 8.1
08/09/15 07:58 - INFO - Test executed on Browser : firefox 40.0.3
08/09/15 07:59 - INFO - Loaded property files and created logger instance
08/09/15 07:59 - INFO - Setting up FireFox driver.
08/09/15 07:59 - INFO - Executing Test Case :- verifyPipelineLogin
08/09/15 08:00 - INFO - Test case passed: verify user able to login to pipeline application
08/09/15 08:00 - INFO - Executing Test Case :- verifyInitialPopup
08/09/15 08:00 - INFO - Test case passed: verify help pop up displayed on Pipeline home page and working fine
08/09/15 08:02 - INFO - Loaded property files and created logger instance
08/09/15 08:02 - INFO - Setting up FireFox driver.
08/09/15 08:02 - INFO - Executing Test Case :- verifyPipelineLogin
08/09/15 08:02 - INFO - Test case passed: verify user able to login to pipeline application
08/09/15 08:02 - INFO - Executing Test Case :- verifyInitialPopup
08/09/15 08:02 - INFO - Test case passed: verify help pop up displayed on Pipeline home page and working fine
08/09/15 08:03 - INFO - Test executed on Operating System : WINDOWS 8.1
08/09/15 08:03 - INFO - Test executed on Browser : firefox 40.0.3
08/09/15 08:03 - INFO - Loaded property files and created logger instance
08/09/15 08:03 - INFO - Setting up FireFox driver.
08/09/15 08:03 - INFO - Executing Test Case :- verifyPipelineLogin
08/09/15 08:03 - INFO - Test case passed: verify user able to login to pipeline application
08/09/15 08:03 - INFO - Executing Test Case :- verifyInitialPopup
08/09/15 08:03 - INFO - Test case passed: verify help pop up displayed on Pipeline home page and working fine
08/09/15 08:04 - INFO - Test executed on Operating System : WINDOWS 8.1
08/09/15 08:04 - INFO - Test executed on Browser : firefox 40.0.3
08/09/15 08:07 - INFO - Loaded property files and created logger instance
08/09/15 08:07 - INFO - Setting up FireFox driver.
08/09/15 08:07 - INFO - Executing Test Case :- verifyPipelineLogin
08/09/15 08:08 - INFO - Test case passed: verify user able to login to pipeline application
08/09/15 08:08 - INFO - Executing Test Case :- verifyInitialPopup
08/09/15 08:08 - INFO - Test case passed: verify help pop up displayed on Pipeline home page and working fine
08/09/15 08:08 - INFO - Test executed on Operating System : WINDOWS 8.1
08/09/15 08:08 - INFO - Test executed on Browser : firefox 40.0.3
08/09/15 08:09 - INFO - Loaded property files and created logger instance
08/09/15 08:09 - INFO - Setting up FireFox driver.
08/09/15 08:09 - INFO - Executing Test Case :- verifyPipelineLogin
08/09/15 08:09 - INFO - Test case passed: verify user able to login to pipeline application
08/09/15 08:09 - INFO - Executing Test Case :- verifyInitialPopup
08/09/15 08:09 - INFO - Test case passed: verify help pop up displayed on Pipeline home page and working fine
08/09/15 08:09 - INFO - Test executed on Operating System : WINDOWS 8.1
08/09/15 08:09 - INFO - Test executed on Browser : firefox 40.0.3
08/09/15 08:10 - INFO - Loaded property files and created logger instance
08/09/15 08:10 - INFO - Setting up FireFox driver.
08/09/15 08:10 - INFO - Executing Test Case :- verifyPipelineLogin
08/09/15 08:11 - INFO - Test case passed: verify user able to login to pipeline application
08/09/15 08:11 - INFO - Executing Test Case :- verifyInitialPopup
08/09/15 08:11 - INFO - Test case passed: verify help pop up displayed on Pipeline home page and working fine
08/09/15 08:11 - INFO - Test executed on Operating System : WINDOWS 8.1
08/09/15 08:11 - INFO - Test executed on Browser : firefox 40.0.3
08/09/15 08:14 - INFO - Loaded property files and created logger instance
08/09/15 08:14 - INFO - Setting up FireFox driver.
08/09/15 08:14 - INFO - Executing Test Case :- verifyPipelineLogin
08/09/15 08:14 - INFO - Test case passed: verify user able to login to pipeline application
08/09/15 08:14 - INFO - Executing Test Case :- verifyInitialPopup
08/09/15 08:14 - INFO - Test case passed: verify help pop up displayed on Pipeline home page and working fine
08/09/15 08:14 - INFO - Test executed on Operating System : WINDOWS 8.1
08/09/15 08:14 - INFO - Test executed on Browser : firefox 40.0.3
