14/09/15 05:39 - INFO - Loaded property files and created logger instance
14/09/15 05:39 - INFO - Setting up FireFox driver.
14/09/15 05:39 - INFO - Executing Test Case :- verifyTheDealPageIsDisplayed
14/09/15 05:40 - INFO - Screen Shots file :  D:\PipelineAutomationUsingPOM\PipelineAutomationPOM\test-output\ScreenShots\image-1442232618570.jpg
14/09/15 05:40 - INFO - Test executed on Operating System : WINDOWS 8.1
14/09/15 05:40 - INFO - Test executed on Browser : firefox 40.0.3
==========================================================
14/09/15 05:45 - INFO - Loaded property files and created logger instance
14/09/15 05:45 - INFO - Setting up FireFox driver.
14/09/15 05:45 - INFO - Executing Test Case :- verifyTheDealPageIsDisplayed
14/09/15 05:46 - INFO - Screen Shots file :  D:\PipelineAutomationUsingPOM\PipelineAutomationPOM\test-output\ScreenShots\image-1442232998503.jpg
14/09/15 05:46 - INFO - Test executed on Operating System : WINDOWS 8.1
14/09/15 05:46 - INFO - Test executed on Browser : firefox 40.0.3
==========================================================
14/09/15 05:49 - INFO - Loaded property files and created logger instance
14/09/15 05:49 - INFO - Setting up FireFox driver.
14/09/15 05:49 - INFO - Executing Test Case :- verifyTheDealPageIsDisplayed
14/09/15 05:50 - INFO - Screen Shots file :  D:\PipelineAutomationUsingPOM\PipelineAutomationPOM\test-output\ScreenShots\image-1442233228646.jpg
14/09/15 05:50 - INFO - Test executed on Operating System : WINDOWS 8.1
14/09/15 05:50 - INFO - Test executed on Browser : firefox 40.0.3
==========================================================
14/09/15 06:03 - INFO - Loaded property files and created logger instance
14/09/15 06:03 - INFO - Setting up FireFox driver.
14/09/15 06:04 - INFO - Executing Test Case :- verifyTheDealPageIsDisplayed
14/09/15 06:04 - INFO - Screen Shots file :  D:\PipelineAutomationUsingPOM\PipelineAutomationPOM\test-output\ScreenShots\image-1442234093939.jpg
14/09/15 06:04 - INFO - Test executed on Operating System : WINDOWS 8.1
14/09/15 06:04 - INFO - Test executed on Browser : firefox 40.0.3
==========================================================
14/09/15 06:06 - INFO - Loaded property files and created logger instance
14/09/15 06:06 - INFO - Setting up FireFox driver.
14/09/15 06:06 - INFO - Executing Test Case :- verifyTheDealPageIsDisplayed
14/09/15 06:07 - INFO - Screen Shots file :  D:\PipelineAutomationUsingPOM\PipelineAutomationPOM\test-output\ScreenShots\image-1442234242695.jpg
14/09/15 06:07 - INFO - Test executed on Operating System : WINDOWS 8.1
14/09/15 06:07 - INFO - Test executed on Browser : firefox 40.0.3
==========================================================
14/09/15 06:09 - INFO - Loaded property files and created logger instance
14/09/15 06:09 - INFO - Setting up FireFox driver.
14/09/15 06:09 - INFO - Executing Test Case :- verifyTheDealPageIsDisplayed
14/09/15 06:10 - INFO - Screen Shots file :  D:\PipelineAutomationUsingPOM\PipelineAutomationPOM\test-output\ScreenShots\image-1442234437662.jpg
14/09/15 06:10 - INFO - Test executed on Operating System : WINDOWS 8.1
14/09/15 06:10 - INFO - Test executed on Browser : firefox 40.0.3
==========================================================
14/09/15 06:12 - INFO - Loaded property files and created logger instance
14/09/15 06:12 - INFO - Setting up FireFox driver.
14/09/15 06:12 - INFO - Executing Test Case :- verifyTheDealPageIsDisplayed
14/09/15 06:12 - INFO - Screen Shots file :  D:\PipelineAutomationUsingPOM\PipelineAutomationPOM\test-output\ScreenShots\image-1442234555980.jpg
14/09/15 06:12 - INFO - Test executed on Operating System : WINDOWS 8.1
14/09/15 06:12 - INFO - Test executed on Browser : firefox 40.0.3
==========================================================
14/09/15 06:30 - INFO - Loaded property files and created logger instance
14/09/15 06:30 - INFO - Setting up FireFox driver.
14/09/15 06:30 - INFO - Executing Test Case :- verifyTheDealPageIsDisplayed
14/09/15 06:31 - INFO - Screen Shots file :  D:\PipelineAutomationUsingPOM\PipelineAutomationPOM\test-output\ScreenShots\image-1442235661576.jpg
14/09/15 06:31 - INFO - Test executed on Operating System : WINDOWS 8.1
14/09/15 06:31 - INFO - Test executed on Browser : firefox 40.0.3
==========================================================
14/09/15 06:44 - INFO - Loaded property files and created logger instance
14/09/15 06:44 - INFO - Setting up FireFox driver.
14/09/15 06:44 - INFO - Executing Test Case :- verifyTheDealPageIsDisplayed
14/09/15 06:44 - INFO - Screen Shots file :  D:\PipelineAutomationUsingPOM\PipelineAutomationPOM\test-output\ScreenShots\image-1442236476477.jpg
14/09/15 06:44 - INFO - Test executed on Operating System : WINDOWS 8.1
14/09/15 06:44 - INFO - Test executed on Browser : firefox 40.0.3
==========================================================
14/09/15 06:55 - INFO - Loaded property files and created logger instance
14/09/15 06:55 - INFO - Setting up FireFox driver.
14/09/15 06:55 - INFO - Executing Test Case :- verifyTheDealPageIsDisplayed
14/09/15 06:56 - INFO - Screen Shots file :  D:\PipelineAutomationUsingPOM\PipelineAutomationPOM\test-output\ScreenShots\image-1442237168681.jpg
14/09/15 06:56 - INFO - Test executed on Operating System : WINDOWS 8.1
14/09/15 06:56 - INFO - Test executed on Browser : firefox 40.0.3
==========================================================
14/09/15 07:15 - INFO - Loaded property files and created logger instance
14/09/15 07:15 - INFO - Setting up FireFox driver.
14/09/15 07:15 - INFO - Executing Test Case :- verifyTheDealPageIsDisplayed
14/09/15 07:15 - INFO - Screen Shots file :  D:\PipelineAutomationUsingPOM\PipelineAutomationPOM\test-output\ScreenShots\image-1442238330795.jpg
14/09/15 07:15 - INFO - Test executed on Operating System : WINDOWS 8.1
14/09/15 07:15 - INFO - Test executed on Browser : firefox 40.0.3
==========================================================
