09/09/15 12:00 - INFO - Loaded property files and created logger instance
09/09/15 12:00 - INFO - Setting up FireFox driver.
09/09/15 12:00 - INFO - Executing Test Case :- verifySignInFunction
09/09/15 12:00 - INFO - Test executed on Operating System : WINDOWS 8.1
09/09/15 12:00 - INFO - Test executed on Browser : firefox 40.0.3
09/09/15 12:29 - INFO - Loaded property files and created logger instance
09/09/15 12:29 - INFO - Setting up FireFox driver.
09/09/15 12:29 - INFO - Executing Test Case :- verifySignInFunction
09/09/15 12:29 - INFO - Screen Shots file :  D:\PipelineAutomationUsingPOM\PipelineAutomationPOM\test-output\ScreenShots\image-1441781973326.jpg
09/09/15 12:29 - INFO - Test executed on Operating System : WINDOWS 8.1
09/09/15 12:29 - INFO - Test executed on Browser : firefox 40.0.3
09/09/15 01:08 - INFO - Loaded property files and created logger instance
09/09/15 01:08 - INFO - Executing Test Case :- verifySignInFunction
09/09/15 01:10 - INFO - Loaded property files and created logger instance
09/09/15 01:10 - INFO - Setting up FireFox driver.
09/09/15 01:10 - INFO - Executing Test Case :- verifySignInFunction
09/09/15 01:10 - INFO - Test executed on Operating System : WINDOWS 8.1
09/09/15 01:10 - INFO - Test executed on Browser : firefox 40.0.3
09/09/15 01:19 - INFO - Loaded property files and created logger instance
09/09/15 01:19 - INFO - Setting up FireFox driver.
09/09/15 01:19 - INFO - Executing Test Case :- verifySignInFunction
09/09/15 01:20 - INFO - Test case passed: verify user able to login to pipeline application
09/09/15 01:20 - INFO - Test executed on Operating System : WINDOWS 8.1
09/09/15 01:20 - INFO - Test executed on Browser : firefox 40.0.3
09/09/15 01:21 - INFO - Loaded property files and created logger instance
09/09/15 01:21 - INFO - Setting up FireFox driver.
09/09/15 01:21 - INFO - Executing Test Case :- verifySignInFunction
09/09/15 01:21 - INFO - Test case passed: verify user able to login to pipeline application
09/09/15 01:21 - INFO - Test executed on Operating System : WINDOWS 8.1
09/09/15 01:21 - INFO - Test executed on Browser : firefox 40.0.3
09/09/15 02:21 - INFO - Loaded property files and created logger instance
09/09/15 02:21 - INFO - Setting up FireFox driver.
09/09/15 02:21 - INFO - Executing Test Case :- verifyPipelineLoginFunction
09/09/15 02:21 - INFO - Test case passed: verify user able to login to pipeline application
09/09/15 02:21 - INFO - Test executed on Operating System : WINDOWS 8.1
09/09/15 02:21 - INFO - Test executed on Browser : firefox 40.0.3
09/09/15 02:22 - INFO - Loaded property files and created logger instance
09/09/15 02:22 - INFO - Setting up FireFox driver.
09/09/15 02:22 - INFO - Executing Test Case :- verifyPipelineLoginFunction
09/09/15 02:22 - INFO - Test case passed: verify user able to login to pipeline application
09/09/15 02:22 - INFO - Test executed on Operating System : WINDOWS 8.1
09/09/15 02:22 - INFO - Test executed on Browser : firefox 40.0.3
09/09/15 02:22 - INFO - Loaded property files and created logger instance
09/09/15 02:22 - INFO - Setting up FireFox driver.
09/09/15 02:22 - INFO - Executing Test Case :- verifyHomePageElements
09/09/15 02:23 - INFO - Loaded property files and created logger instance
09/09/15 02:23 - INFO - Setting up FireFox driver.
09/09/15 02:23 - INFO - Executing Test Case :- verifyPipelineLoginFunction
09/09/15 02:24 - INFO - Test case passed: verify user able to login to pipeline application
09/09/15 02:24 - INFO - Test executed on Operating System : WINDOWS 8.1
09/09/15 02:24 - INFO - Test executed on Browser : firefox 40.0.3
09/09/15 02:24 - INFO - Loaded property files and created logger instance
09/09/15 02:24 - INFO - Setting up FireFox driver.
09/09/15 02:24 - INFO - Executing Test Case :- verifyHomePageElements
09/09/15 02:25 - INFO - Test case passed: verify help pop up displayed on Pipeline home page and working fine
09/09/15 02:33 - INFO - Loaded property files and created logger instance
09/09/15 02:33 - INFO - Setting up FireFox driver.
09/09/15 02:33 - INFO - Executing Test Case :- verifyHomePageElements
09/09/15 02:33 - INFO - Test case passed: verify help pop up displayed on Pipeline home page and working fine
09/09/15 02:33 - INFO - Test executed on Operating System : WINDOWS 8.1
09/09/15 02:33 - INFO - Test executed on Browser : firefox 40.0.3
09/09/15 03:28 - INFO - Loaded property files and created logger instance
09/09/15 03:28 - INFO - Setting up FireFox driver.
09/09/15 03:29 - INFO - Executing Test Case :- verifyHomePageElements
09/09/15 03:29 - INFO - Test case passed: verify help pop up displayed on Pipeline home page and working fine
09/09/15 03:29 - INFO - Test case passed: verify text 'TODAY'S DEALS' present on Pipeline home page
09/09/15 03:29 - INFO - Test case passed: verify today's date displayed on the Pipeline home page
09/09/15 03:29 - INFO - Test executed on Operating System : WINDOWS 8.1
09/09/15 03:29 - INFO - Test executed on Browser : firefox 40.0.3
09/09/15 03:34 - INFO - Loaded property files and created logger instance
09/09/15 03:34 - INFO - Setting up FireFox driver.
09/09/15 03:34 - INFO - Executing Test Case :- verifyHomePageElements
09/09/15 03:34 - INFO - Test case passed: verify help pop up displayed on Pipeline home page and working fine
09/09/15 03:34 - INFO - Test case passed: verify text 'TODAY'S DEALS' present on Pipeline home page
09/09/15 03:34 - INFO - Test case passed: verify today's date displayed on the Pipeline home page
09/09/15 03:34 - INFO - Test executed on Operating System : WINDOWS 8.1
09/09/15 03:34 - INFO - Test executed on Browser : firefox 40.0.3
09/09/15 04:51 - INFO - Loaded property files and created logger instance
09/09/15 04:51 - INFO - Setting up FireFox driver.
09/09/15 04:51 - INFO - Executing Test Case :- verifyHomePageElements
09/09/15 04:52 - INFO - Test case passed: verify help pop up displayed on Pipeline home page and working fine
09/09/15 04:52 - INFO - Test case passed: verify text 'TODAY'S DEALS' present on Pipeline home page
09/09/15 04:52 - INFO - Test case passed: verify today's date displayed on the Pipeline home page
09/09/15 04:52 - INFO - Test executed on Operating System : WINDOWS 8.1
09/09/15 04:52 - INFO - Test executed on Browser : firefox 40.0.3
09/09/15 04:52 - INFO - Loaded property files and created logger instance
09/09/15 04:52 - INFO - Setting up FireFox driver.
09/09/15 04:52 - INFO - Executing Test Case :- verifyArticleID
09/09/15 04:52 - INFO - Test case passed: verify required sections displayed on an article page
09/09/15 04:52 - INFO - Test executed on Operating System : WINDOWS 8.1
09/09/15 04:52 - INFO - Test executed on Browser : firefox 40.0.3
09/09/15 04:58 - INFO - Loaded property files and created logger instance
09/09/15 04:58 - INFO - Setting up FireFox driver.
09/09/15 04:59 - INFO - Executing Test Case :- verifyHomePageElements
09/09/15 04:59 - INFO - Test case passed: verify help pop up displayed on Pipeline home page and working fine
09/09/15 04:59 - INFO - Test case passed: verify text 'TODAY'S DEALS' present on Pipeline home page
09/09/15 04:59 - INFO - Test case passed: verify today's date displayed on the Pipeline home page
09/09/15 04:59 - INFO - Test executed on Operating System : WINDOWS 8.1
09/09/15 04:59 - INFO - Test executed on Browser : firefox 40.0.3
09/09/15 04:59 - INFO - Loaded property files and created logger instance
09/09/15 04:59 - INFO - Setting up FireFox driver.
09/09/15 04:59 - INFO - Executing Test Case :- verifyArticleID
09/09/15 04:59 - INFO - Test case passed: verify article id showing in the url
09/09/15 04:59 - INFO - Test executed on Operating System : WINDOWS 8.1
09/09/15 04:59 - INFO - Test executed on Browser : firefox 40.0.3
09/09/15 05:36 - INFO - Loaded property files and created logger instance
09/09/15 05:36 - INFO - Setting up FireFox driver.
09/09/15 05:36 - INFO - Executing Test Case :- verifyPipelineLoginFunction
09/09/15 05:36 - INFO - Test case passed: verify user able to login to pipeline application
09/09/15 05:36 - INFO - Test executed on Operating System : WINDOWS 8.1
09/09/15 05:36 - INFO - Test executed on Browser : firefox 40.0.3
09/09/15 05:36 - INFO - Loaded property files and created logger instance
09/09/15 05:36 - INFO - Setting up FireFox driver.
09/09/15 05:36 - INFO - Executing Test Case :- verifyHomePageElements
09/09/15 05:37 - INFO - Test case passed: verify help pop up displayed on Pipeline home page and working fine
09/09/15 05:37 - INFO - Test case passed: verify text 'TODAY'S DEALS' present on Pipeline home page
09/09/15 05:37 - INFO - Test case passed: verify today's date displayed on the Pipeline home page
09/09/15 05:37 - INFO - Test executed on Operating System : WINDOWS 8.1
09/09/15 05:37 - INFO - Test executed on Browser : firefox 40.0.3
09/09/15 05:37 - INFO - Loaded property files and created logger instance
09/09/15 05:37 - INFO - Setting up FireFox driver.
09/09/15 05:37 - INFO - Executing Test Case :- verifyArticleID
09/09/15 05:37 - INFO - Test case passed: verify article id showing in the url
09/09/15 05:37 - INFO - Test executed on Operating System : WINDOWS 8.1
09/09/15 05:37 - INFO - Test executed on Browser : firefox 40.0.3
09/09/15 05:37 - INFO - Loaded property files and created logger instance
09/09/15 05:37 - INFO - Setting up FireFox driver.
09/09/15 05:37 - INFO - Executing Test Case :- verifyTheDealPageIsDisplayed
09/09/15 05:37 - INFO - Test case passed: verify user is navigated to 'http://www.thedeal.com/' page
09/09/15 05:37 - INFO - Test executed on Operating System : WINDOWS 8.1
09/09/15 05:37 - INFO - Test executed on Browser : firefox 40.0.3
09/09/15 05:47 - INFO - Loaded property files and created logger instance
09/09/15 05:47 - INFO - Setting up FireFox driver.
09/09/15 05:47 - INFO - Executing Test Case :- verifyPipelineLoginFunction
09/09/15 05:47 - INFO - Test case passed: verify user able to login to pipeline application
09/09/15 05:47 - INFO - Test executed on Operating System : WINDOWS 8.1
09/09/15 05:47 - INFO - Test executed on Browser : firefox 40.0.3
==========================================================
09/09/15 05:48 - INFO - Loaded property files and created logger instance
09/09/15 05:48 - INFO - Setting up FireFox driver.
09/09/15 05:48 - INFO - Executing Test Case :- verifyHomePageElements
09/09/15 05:48 - INFO - Test case passed: verify help pop up displayed on Pipeline home page and working fine
09/09/15 05:48 - INFO - Test case passed: verify text 'TODAY'S DEALS' present on Pipeline home page
09/09/15 05:48 - INFO - Test case passed: verify today's date displayed on the Pipeline home page
09/09/15 05:48 - INFO - Test executed on Operating System : WINDOWS 8.1
09/09/15 05:48 - INFO - Test executed on Browser : firefox 40.0.3
==========================================================
09/09/15 05:48 - INFO - Loaded property files and created logger instance
09/09/15 05:48 - INFO - Setting up FireFox driver.
09/09/15 05:48 - INFO - Executing Test Case :- verifyArticleID
09/09/15 05:48 - INFO - Test case passed: verify article id showing in the url
09/09/15 05:48 - INFO - Test executed on Operating System : WINDOWS 8.1
09/09/15 05:48 - INFO - Test executed on Browser : firefox 40.0.3
==========================================================
09/09/15 05:48 - INFO - Loaded property files and created logger instance
09/09/15 05:48 - INFO - Setting up FireFox driver.
09/09/15 05:48 - INFO - Executing Test Case :- verifyTheDealPageIsDisplayed
09/09/15 05:49 - INFO - Test case passed: verify user is navigated to 'http://www.thedeal.com/' page
09/09/15 05:49 - INFO - Test executed on Operating System : WINDOWS 8.1
09/09/15 05:49 - INFO - Test executed on Browser : firefox 40.0.3
==========================================================
09/09/15 05:53 - INFO - Loaded property files and created logger instance
09/09/15 05:53 - INFO - Setting up FireFox driver.
09/09/15 05:53 - INFO - Executing Test Case :- verifyPipelineLoginFunction
09/09/15 05:55 - INFO - Loaded property files and created logger instance
09/09/15 05:55 - INFO - Setting up FireFox driver.
09/09/15 05:55 - INFO - Executing Test Case :- verifyPipelineLoginFunction
09/09/15 05:55 - INFO - Test case passed: verify user able to login to pipeline application
09/09/15 05:55 - INFO - Test executed on Operating System : WINDOWS 8.1
09/09/15 05:55 - INFO - Test executed on Browser : firefox 40.0.3
==========================================================
09/09/15 05:55 - INFO - Loaded property files and created logger instance
09/09/15 05:55 - INFO - Setting up FireFox driver.
09/09/15 05:55 - INFO - Executing Test Case :- verifyHomePageElements
09/09/15 05:55 - INFO - Test case passed: verify help pop up displayed on Pipeline home page and working fine
09/09/15 05:55 - INFO - Test case passed: verify text 'TODAY'S DEALS' present on Pipeline home page
09/09/15 05:55 - INFO - Test case passed: verify today's date displayed on the Pipeline home page
09/09/15 05:55 - INFO - Test executed on Operating System : WINDOWS 8.1
09/09/15 05:55 - INFO - Test executed on Browser : firefox 40.0.3
==========================================================
09/09/15 05:55 - INFO - Loaded property files and created logger instance
09/09/15 05:55 - INFO - Setting up FireFox driver.
09/09/15 05:55 - INFO - Executing Test Case :- verifyArticleID
09/09/15 05:56 - INFO - Test case passed: verify article id showing in the url
09/09/15 05:56 - INFO - Test executed on Operating System : WINDOWS 8.1
09/09/15 05:56 - INFO - Test executed on Browser : firefox 40.0.3
==========================================================
09/09/15 05:56 - INFO - Loaded property files and created logger instance
09/09/15 05:56 - INFO - Setting up FireFox driver.
09/09/15 05:56 - INFO - Executing Test Case :- verifyTheDealPageIsDisplayed
09/09/15 05:56 - INFO - Test case passed: verify user is navigated to 'http://www.thedeal.com/' page
09/09/15 05:56 - INFO - Test executed on Operating System : WINDOWS 8.1
09/09/15 05:56 - INFO - Test executed on Browser : firefox 40.0.3
==========================================================
09/09/15 07:20 - INFO - Loaded property files and created logger instance
09/09/15 07:20 - INFO - Setting up FireFox driver.
09/09/15 07:20 - INFO - Executing Test Case :- verifyPipelineLoginFunction
09/09/15 07:21 - INFO - Test case passed: verify user able to login into pipeline application
09/09/15 07:21 - INFO - Test executed on Operating System : WINDOWS 8.1
09/09/15 07:21 - INFO - Test executed on Browser : firefox 40.0.3
==========================================================
09/09/15 07:21 - INFO - Loaded property files and created logger instance
09/09/15 07:21 - INFO - Setting up FireFox driver.
09/09/15 07:21 - INFO - Executing Test Case :- verifyHomePageElements
09/09/15 07:21 - INFO - Test case passed: verify help pop up displayed on Pipeline home page and working fine
09/09/15 07:21 - INFO - Test case passed: verify text 'TODAY'S DEALS' present on Pipeline home page
09/09/15 07:21 - INFO - Test case passed: verify today's date displayed on the Pipeline home page
09/09/15 07:21 - INFO - Test case passed: verify QVM, Exclusive video, Deal Dashboard, Rumor Mill sections displayed on Pipeline home page
09/09/15 07:21 - INFO - Test executed on Operating System : WINDOWS 8.1
09/09/15 07:21 - INFO - Test executed on Browser : firefox 40.0.3
==========================================================
09/09/15 07:21 - INFO - Loaded property files and created logger instance
09/09/15 07:21 - INFO - Setting up FireFox driver.
09/09/15 07:21 - INFO - Executing Test Case :- verifyArticleID
09/09/15 07:21 - INFO - Test case passed: verify article id showing in the url
09/09/15 07:21 - INFO - Test executed on Operating System : WINDOWS 8.1
09/09/15 07:21 - INFO - Test executed on Browser : firefox 40.0.3
==========================================================
09/09/15 07:21 - INFO - Loaded property files and created logger instance
09/09/15 07:21 - INFO - Setting up FireFox driver.
09/09/15 07:22 - INFO - Executing Test Case :- verifyTheDealPageIsDisplayed
09/09/15 07:22 - INFO - Test case passed: verify user is navigated to 'http://www.thedeal.com/' page
09/09/15 07:22 - INFO - Test executed on Operating System : WINDOWS 8.1
09/09/15 07:22 - INFO - Test executed on Browser : firefox 40.0.3
==========================================================
09/09/15 07:24 - INFO - Loaded property files and created logger instance
09/09/15 07:24 - INFO - Setting up FireFox driver.
09/09/15 07:24 - INFO - Executing Test Case :- verifyPipelineLoginFunction
09/09/15 07:24 - INFO - Test case passed: verify user able to login into pipeline application
09/09/15 07:24 - INFO - Test executed on Operating System : WINDOWS 8.1
09/09/15 07:24 - INFO - Test executed on Browser : firefox 40.0.3
==========================================================
09/09/15 07:24 - INFO - Loaded property files and created logger instance
09/09/15 07:24 - INFO - Setting up FireFox driver.
09/09/15 07:25 - INFO - Executing Test Case :- verifyHomePageElements
09/09/15 07:25 - INFO - Test case passed: verify help pop up displayed on Pipeline home page and working fine
09/09/15 07:25 - INFO - Test case passed: verify text 'TODAY'S DEALS' present on Pipeline home page
09/09/15 07:25 - INFO - Test case passed: verify today's date displayed on the Pipeline home page
09/09/15 07:25 - INFO - Test case passed: verify QVM, Exclusive video, Deal Dashboard, Rumor Mill sections displayed on Pipeline home page
09/09/15 07:25 - INFO - Test executed on Operating System : WINDOWS 8.1
09/09/15 07:25 - INFO - Test executed on Browser : firefox 40.0.3
==========================================================
09/09/15 07:35 - INFO - Loaded property files and created logger instance
09/09/15 07:35 - INFO - Setting up FireFox driver.
09/09/15 07:35 - INFO - Executing Test Case :- verifyPipelineLoginFunction
09/09/15 07:35 - INFO - Test case passed: verify user able to login into pipeline application
09/09/15 07:35 - INFO - Test executed on Operating System : WINDOWS 8.1
09/09/15 07:35 - INFO - Test executed on Browser : firefox 40.0.3
==========================================================
09/09/15 07:35 - INFO - Loaded property files and created logger instance
09/09/15 07:35 - INFO - Setting up FireFox driver.
09/09/15 07:35 - INFO - Executing Test Case :- verifyHomePageElements
09/09/15 07:35 - INFO - Test case passed: verify help pop up displayed on Pipeline home page and working fine
09/09/15 07:35 - INFO - Test case passed: verify text 'TODAY'S DEALS' present on Pipeline home page
09/09/15 07:35 - INFO - Test case passed: verify today's date displayed on the Pipeline home page
09/09/15 07:35 - INFO - Test case passed: verify QVM, Exclusive video, Deal Dashboard, Rumor Mill sections displayed on Pipeline home page
09/09/15 07:35 - INFO - Test executed on Operating System : WINDOWS 8.1
09/09/15 07:35 - INFO - Test executed on Browser : firefox 40.0.3
==========================================================
09/09/15 07:36 - INFO - Loaded property files and created logger instance
09/09/15 07:36 - INFO - Setting up FireFox driver.
09/09/15 07:36 - INFO - Executing Test Case :- verifyHomePageElements
09/09/15 07:36 - INFO - Test case passed: verify help pop up displayed on Pipeline home page and working fine
09/09/15 07:36 - INFO - Test case passed: verify text 'TODAY'S DEALS' present on Pipeline home page
09/09/15 07:36 - INFO - Test case passed: verify today's date displayed on the Pipeline home page
09/09/15 07:36 - INFO - Test case passed: verify QVM, Exclusive video, Deal Dashboard, Rumor Mill sections displayed on Pipeline home page
09/09/15 07:36 - INFO - Test executed on Operating System : WINDOWS 8.1
09/09/15 07:36 - INFO - Test executed on Browser : firefox 40.0.3
==========================================================
09/09/15 07:40 - INFO - Loaded property files and created logger instance
09/09/15 07:40 - INFO - Setting up FireFox driver.
09/09/15 07:40 - INFO - Executing Test Case :- verifyHomePageElements
09/09/15 07:40 - INFO - Test case passed: verify help pop up displayed on Pipeline home page and working fine
09/09/15 07:40 - INFO - Test case passed: verify text 'TODAY'S DEALS' present on Pipeline home page
09/09/15 07:40 - INFO - Test case passed: verify today's date displayed on the Pipeline home page
09/09/15 07:40 - INFO - Test case passed: verify QVM, Exclusive video, Deal Dashboard, Rumor Mill sections displayed on Pipeline home page
09/09/15 07:40 - INFO - Test executed on Operating System : WINDOWS 8.1
09/09/15 07:40 - INFO - Test executed on Browser : firefox 40.0.3
==========================================================
09/09/15 07:47 - INFO - Loaded property files and created logger instance
09/09/15 07:47 - INFO - Setting up FireFox driver.
09/09/15 07:47 - INFO - Executing Test Case :- verifyHomePageElements
09/09/15 07:47 - INFO - Test case passed: verify help pop up displayed on Pipeline home page and working fine
09/09/15 07:47 - INFO - Test case passed: verify text 'TODAY'S DEALS' present on Pipeline home page
09/09/15 07:47 - INFO - Test case passed: verify today's date displayed on the Pipeline home page
09/09/15 07:47 - INFO - Test case passed: verify QVM, Exclusive video, Deal Dashboard, Rumor Mill sections displayed on Pipeline home page
09/09/15 07:47 - INFO - Test executed on Operating System : WINDOWS 8.1
09/09/15 07:47 - INFO - Test executed on Browser : firefox 40.0.3
==========================================================
09/09/15 07:49 - INFO - Loaded property files and created logger instance
09/09/15 07:49 - INFO - Setting up FireFox driver.
09/09/15 07:50 - INFO - Executing Test Case :- verifyHomePageElements
09/09/15 07:50 - INFO - Test case passed: verify help pop up displayed on Pipeline home page and working fine
09/09/15 07:50 - INFO - Test case passed: verify text 'TODAY'S DEALS' present on Pipeline home page
09/09/15 07:50 - INFO - Test case passed: verify today's date displayed on the Pipeline home page
09/09/15 07:50 - INFO - Test case passed: verify QVM, Exclusive video, Deal Dashboard, Rumor Mill sections displayed on Pipeline home page
09/09/15 07:50 - INFO - Test case passed: verify page navigation works properly, verify user able to navigate to different pages by changing the page id in URL
09/09/15 07:50 - INFO - Test executed on Operating System : WINDOWS 8.1
09/09/15 07:50 - INFO - Test executed on Browser : firefox 40.0.3
==========================================================
